<?xml version='1.0' encoding='UTF-8'?>
<testsuite hostname="EthanSang-2.local" name="ShiftRegister.ShiftRegisterTest" tests="1" errors="0" failures="0" skipped="0" time="4.972" timestamp="2025-03-03T10:01:00">
          <properties>
[...]
</properties>
          <testcase classname="ShiftRegister.ShiftRegisterTest" name="ShiftRegister should 正确完成入队和出队操作" time="4.972">
                      
                    </testcase>
          <system-out><![CDATA[]]></system-out>
          <system-err><![CDATA[]]></system-err>
        </testsuite>